2023-10-20T19:53:20,745 - W-9000-web_google-large-dino-202.ms:114|#Level:Host|#hostname:be4e939a9d0e,timestamp:1697831600
2023-10-20T19:53:21,743 - CPUUtilization.Percent:0.0|#Level:Host|#hostname:be4e939a9d0e,timestamp:1697831601
2023-10-20T19:53:21,750 - DiskAvailable.Gigabytes:831.8247947692871|#Level:Host|#hostname:be4e939a9d0e,timestamp:1697831601
2023-10-20T19:53:21,751 - DiskUsage.Gigabytes:123.81351470947266|#Level:Host|#hostname:be4e939a9d0e,timestamp:1697831601
2023-10-20T19:53:21,939 - DiskUtilization.Percent:13.0|#Level:Host|#hostname:be4e939a9d0e,timestamp:1697831601
2023-10-20T19:53:21,941 - MemoryAvailable.Megabytes:25071.28125|#Level:Host|#hostname:be4e939a9d0e,timestamp:1697831601
2023-10-20T19:53:21,943 - MemoryUsed.Megabytes:6433.3046875|#Level:Host|#hostname:be4e939a9d0e,timestamp:1697831601
2023-10-20T19:53:21,950 - MemoryUtilization.Percent:21.6|#Level:Host|#hostname:be4e939a9d0e,timestamp:1697831601
2023-10-20T19:54:21,489 - CPUUtilization.Percent:0.0|#Level:Host|#hostname:be4e939a9d0e,timestamp:1697831661
2023-10-20T19:54:21,491 - DiskAvailable.Gigabytes:831.8247909545898|#Level:Host|#hostname:be4e939a9d0e,timestamp:1697831661
2023-10-20T19:54:21,492 - DiskUsage.Gigabytes:123.81351852416992|#Level:Host|#hostname:be4e939a9d0e,timestamp:1697831661
2023-10-20T19:54:21,494 - DiskUtilization.Percent:13.0|#Level:Host|#hostname:be4e939a9d0e,timestamp:1697831661
2023-10-20T19:54:21,500 - MemoryAvailable.Megabytes:25098.2265625|#Level:Host|#hostname:be4e939a9d0e,timestamp:1697831661
2023-10-20T19:54:21,503 - MemoryUsed.Megabytes:6406.34765625|#Level:Host|#hostname:be4e939a9d0e,timestamp:1697831661
2023-10-20T19:54:21,535 - MemoryUtilization.Percent:21.5|#Level:Host|#hostname:be4e939a9d0e,timestamp:1697831661
2023-10-20T19:55:21,491 - CPUUtilization.Percent:0.0|#Level:Host|#hostname:be4e939a9d0e,timestamp:1697831721
2023-10-20T19:55:21,492 - DiskAvailable.Gigabytes:831.8247909545898|#Level:Host|#hostname:be4e939a9d0e,timestamp:1697831721
2023-10-20T19:55:21,493 - DiskUsage.Gigabytes:123.81351852416992|#Level:Host|#hostname:be4e939a9d0e,timestamp:1697831721
2023-10-20T19:55:21,495 - DiskUtilization.Percent:13.0|#Level:Host|#hostname:be4e939a9d0e,timestamp:1697831721
2023-10-20T19:55:21,499 - MemoryAvailable.Megabytes:25089.59765625|#Level:Host|#hostname:be4e939a9d0e,timestamp:1697831721
2023-10-20T19:55:21,535 - MemoryUsed.Megabytes:6414.9609375|#Level:Host|#hostname:be4e939a9d0e,timestamp:1697831721
2023-10-20T19:55:21,537 - MemoryUtilization.Percent:21.5|#Level:Host|#hostname:be4e939a9d0e,timestamp:1697831721
2023-10-20T19:56:21,491 - CPUUtilization.Percent:0.0|#Level:Host|#hostname:be4e939a9d0e,timestamp:1697831781
2023-10-20T19:56:21,494 - DiskAvailable.Gigabytes:831.824779510498|#Level:Host|#hostname:be4e939a9d0e,timestamp:1697831781
2023-10-20T19:56:21,495 - DiskUsage.Gigabytes:123.81352996826172|#Level:Host|#hostname:be4e939a9d0e,timestamp:1697831781
2023-10-20T19:56:21,497 - DiskUtilization.Percent:13.0|#Level:Host|#hostname:be4e939a9d0e,timestamp:1697831781
2023-10-20T19:56:21,498 - MemoryAvailable.Megabytes:25095.7109375|#Level:Host|#hostname:be4e939a9d0e,timestamp:1697831781
2023-10-20T19:56:21,500 - MemoryUsed.Megabytes:6408.828125|#Level:Host|#hostname:be4e939a9d0e,timestamp:1697831781
2023-10-20T19:56:21,502 - MemoryUtilization.Percent:21.5|#Level:Host|#hostname:be4e939a9d0e,timestamp:1697831781
2023-10-20T19:57:21,481 - CPUUtilization.Percent:0.0|#Level:Host|#hostname:be4e939a9d0e,timestamp:1697831841
2023-10-20T19:57:21,482 - DiskAvailable.Gigabytes:831.8247718811035|#Level:Host|#hostname:be4e939a9d0e,timestamp:1697831841
2023-10-20T19:57:21,483 - DiskUsage.Gigabytes:123.81353759765625|#Level:Host|#hostname:be4e939a9d0e,timestamp:1697831841
2023-10-20T19:57:21,484 - DiskUtilization.Percent:13.0|#Level:Host|#hostname:be4e939a9d0e,timestamp:1697831841
2023-10-20T19:57:21,485 - MemoryAvailable.Megabytes:25082.07421875|#Level:Host|#hostname:be4e939a9d0e,timestamp:1697831841
2023-10-20T19:57:21,486 - MemoryUsed.Megabytes:6422.4453125|#Level:Host|#hostname:be4e939a9d0e,timestamp:1697831841
2023-10-20T19:57:21,488 - MemoryUtilization.Percent:21.5|#Level:Host|#hostname:be4e939a9d0e,timestamp:1697831841
2023-10-20T19:58:21,476 - CPUUtilization.Percent:0.0|#Level:Host|#hostname:be4e939a9d0e,timestamp:1697831901
2023-10-20T19:58:21,477 - DiskAvailable.Gigabytes:831.8247680664062|#Level:Host|#hostname:be4e939a9d0e,timestamp:1697831901
2023-10-20T19:58:21,479 - DiskUsage.Gigabytes:123.81354141235352|#Level:Host|#hostname:be4e939a9d0e,timestamp:1697831901
2023-10-20T19:58:21,480 - DiskUtilization.Percent:13.0|#Level:Host|#hostname:be4e939a9d0e,timestamp:1697831901
2023-10-20T19:58:21,481 - MemoryAvailable.Megabytes:25098.0390625|#Level:Host|#hostname:be4e939a9d0e,timestamp:1697831901
2023-10-20T19:58:21,482 - MemoryUsed.Megabytes:6406.421875|#Level:Host|#hostname:be4e939a9d0e,timestamp:1697831901
2023-10-20T19:58:21,483 - MemoryUtilization.Percent:21.5|#Level:Host|#hostname:be4e939a9d0e,timestamp:1697831901
2023-10-20T19:59:21,469 - CPUUtilization.Percent:0.0|#Level:Host|#hostname:be4e939a9d0e,timestamp:1697831961
2023-10-20T19:59:21,470 - DiskAvailable.Gigabytes:831.8247451782227|#Level:Host|#hostname:be4e939a9d0e,timestamp:1697831961
2023-10-20T19:59:21,471 - DiskUsage.Gigabytes:123.81356430053711|#Level:Host|#hostname:be4e939a9d0e,timestamp:1697831961
2023-10-20T19:59:21,472 - DiskUtilization.Percent:13.0|#Level:Host|#hostname:be4e939a9d0e,timestamp:1697831961
2023-10-20T19:59:21,472 - MemoryAvailable.Megabytes:25092.13671875|#Level:Host|#hostname:be4e939a9d0e,timestamp:1697831961
2023-10-20T19:59:21,473 - MemoryUsed.Megabytes:6412.3515625|#Level:Host|#hostname:be4e939a9d0e,timestamp:1697831961
2023-10-20T19:59:21,474 - MemoryUtilization.Percent:21.5|#Level:Host|#hostname:be4e939a9d0e,timestamp:1697831961
